{"exitCode":0,"level":"info","message":"👾 Game executed mainExample.elMonoConRabiaQueTiraBarrilesPeroAcaTiraFuego on c:\\Users\\gonza\\OneDrive\\Documentos\\PROYECTOS\\ALGO1\\Kongi_Donk","timeElapsed":24414,"timestamp":"2024-11-04T11:17:32.303Z"}
{"exitCode":0,"level":"info","message":"👾 Game executed mainExample.elMonoConRabiaQueTiraBarrilesPeroAcaTiraFuego on c:\\Users\\gonza\\OneDrive\\Documentos\\PROYECTOS\\ALGO1\\Kongi_Donk","timeElapsed":11815,"timestamp":"2024-11-04T11:23:55.894Z"}
{"exitCode":0,"level":"info","message":"👾 Game executed mainExample.elMonoConRabiaQueTiraBarrilesPeroAcaTiraFuego on c:\\Users\\gonza\\OneDrive\\Documentos\\PROYECTOS\\ALGO1\\Kongi_Donk","timeElapsed":61099,"timestamp":"2024-11-04T11:28:03.163Z"}
{"exitCode":0,"level":"info","message":"👾 Game executed mainExample.elMonoConRabiaQueTiraBarrilesPeroAcaTiraFuego on c:\\Users\\gonza\\OneDrive\\Documentos\\PROYECTOS\\ALGO1\\Kongi_Donk","timeElapsed":29148,"timestamp":"2024-11-04T11:29:38.563Z"}
{"exitCode":0,"level":"info","message":"👾 Game executed mainExample.elMonoConRabiaQueTiraBarrilesPeroAcaTiraFuego on c:\\Users\\gonza\\OneDrive\\Documentos\\PROYECTOS\\ALGO1\\Kongi_Donk","timeElapsed":18397,"timestamp":"2024-11-04T11:30:26.993Z"}
{"exitCode":0,"level":"info","message":"👾 Game executed mainExample.elMonoConRabiaQueTiraBarrilesPeroAcaTiraFuego on c:\\Users\\gonza\\OneDrive\\Documentos\\PROYECTOS\\ALGO1\\Kongi_Donk","timeElapsed":10690,"timestamp":"2024-11-04T11:33:55.952Z"}
{"exitCode":0,"level":"info","message":"👾 Game executed mainExample.elMonoConRabiaQueTiraBarrilesPeroAcaTiraFuego on c:\\Users\\gonza\\OneDrive\\Documentos\\PROYECTOS\\ALGO1\\Kongi_Donk","timeElapsed":5274,"timestamp":"2024-11-04T11:40:09.020Z"}
{"exitCode":0,"level":"info","message":"👾 Game executed mainExample.elMonoConRabiaQueTiraBarrilesPeroAcaTiraFuego on c:\\Users\\gonza\\OneDrive\\Documentos\\PROYECTOS\\ALGO1\\Kongi_Donk","timeElapsed":18097,"timestamp":"2024-11-04T11:40:59.224Z"}
{"exitCode":0,"level":"info","message":"👾 Game executed mainExample.elMonoConRabiaQueTiraBarrilesPeroAcaTiraFuego on c:\\Users\\gonza\\OneDrive\\Documentos\\PROYECTOS\\ALGO1\\Kongi_Donk","timeElapsed":10730,"timestamp":"2024-11-04T11:47:41.947Z"}
{"exitCode":0,"level":"info","message":"👾 Game executed mainExample.elMonoConRabiaQueTiraBarrilesPeroAcaTiraFuego on c:\\Users\\gonza\\OneDrive\\Documentos\\PROYECTOS\\ALGO1\\Kongi_Donk","timeElapsed":13928,"timestamp":"2024-11-04T11:48:16.587Z"}
{"exitCode":0,"level":"info","message":"👾 Game executed mainExample.elMonoConRabiaQueTiraBarrilesPeroAcaTiraFuego on c:\\Users\\Caro\\Desktop\\wollok\\Kongi_Donk","timeElapsed":34125,"timestamp":"2024-11-04T16:39:07.008Z"}
{"exitCode":0,"level":"info","message":"👾 Game executed mainExample.elMonoConRabiaQueTiraBarrilesPeroAcaTiraFuego on c:\\Users\\Caro\\Desktop\\wollok\\Kongi_Donk","timeElapsed":7890,"timestamp":"2024-11-04T16:49:13.050Z"}
{"exitCode":0,"level":"info","message":"👾 Game executed mainExample.elMonoConRabiaQueTiraBarrilesPeroAcaTiraFuego on c:\\Users\\Caro\\Desktop\\wollok\\Kongi_Donk","timeElapsed":9222,"timestamp":"2024-11-04T16:50:15.450Z"}
{"exitCode":0,"level":"info","message":"👾 Game executed mainExample.elMonoConRabiaQueTiraBarrilesPeroAcaTiraFuego on c:\\Users\\Caro\\Desktop\\wollok\\Kongi_Donk","timeElapsed":9163,"timestamp":"2024-11-04T16:51:10.979Z"}
{"exitCode":0,"level":"info","message":"👾 Game executed mainExample.elMonoConRabiaQueTiraBarrilesPeroAcaTiraFuego on c:\\Users\\Caro\\Desktop\\wollok\\Kongi_Donk","timeElapsed":11263,"timestamp":"2024-11-04T16:52:38.709Z"}
{"exitCode":0,"level":"info","message":"👾 Game executed mainExample.elMonoConRabiaQueTiraBarrilesPeroAcaTiraFuego on c:\\Users\\Caro\\Desktop\\wollok\\Kongi_Donk","timeElapsed":5889,"timestamp":"2024-11-04T16:53:19.829Z"}
{"exitCode":0,"level":"info","message":"👾 Game executed mainExample.elMonoConRabiaQueTiraBarrilesPeroAcaTiraFuego on c:\\Users\\Caro\\Desktop\\wollok\\Kongi_Donk","timeElapsed":1110,"timestamp":"2024-11-04T17:00:57.520Z"}
{"exitCode":0,"level":"info","message":"👾 Game executed mainExample.elMonoConRabiaQueTiraBarrilesPeroAcaTiraFuego on c:\\Users\\Caro\\Desktop\\wollok\\Kongi_Donk","timeElapsed":1896,"timestamp":"2024-11-04T17:01:21.358Z"}
{"exitCode":0,"level":"info","message":"👾 Game executed mainExample.elMonoConRabiaQueTiraBarrilesPeroAcaTiraFuego on c:\\Users\\Caro\\Desktop\\wollok\\Kongi_Donk","timeElapsed":2177,"timestamp":"2024-11-04T17:01:49.360Z"}
{"exitCode":0,"level":"info","message":"👾 Game executed mainExample.elMonoConRabiaQueTiraBarrilesPeroAcaTiraFuego on c:\\Users\\Caro\\Desktop\\wollok\\Kongi_Donk","timeElapsed":14502,"timestamp":"2024-11-04T17:02:51.898Z"}
{"error":["wollok.lang.EvaluationError wrapping TypeScript TypeError: position","  at extras.menu.iniciar() [extras.wlk:51]\r","  at mainExample.elMonoConRabiaQueTiraBarrilesPeroAcaTiraFuego [mainExample.wpgm:9]"],"level":"info","message":"👾 Game executed mainExample.elMonoConRabiaQueTiraBarrilesPeroAcaTiraFuego on c:\\Users\\Caro\\Desktop\\wollok\\Kongi_Donk","ok":false,"timeElapsed":496,"timestamp":"2024-11-04T17:28:43.893Z"}
{"error":["wollok.lang.EvaluationError wrapping TypeScript TypeError: extras.menu","  at extras.menu.iniciar() [extras.wlk:46]\r","  at mainExample.elMonoConRabiaQueTiraBarrilesPeroAcaTiraFuego [mainExample.wpgm:9]"],"level":"info","message":"👾 Game executed mainExample.elMonoConRabiaQueTiraBarrilesPeroAcaTiraFuego on c:\\Users\\Caro\\Desktop\\wollok\\Kongi_Donk","ok":false,"timeElapsed":471,"timestamp":"2024-11-04T17:30:12.164Z"}
{"exitCode":0,"level":"info","message":"👾 Game executed mainExample.elMonoConRabiaQueTiraBarrilesPeroAcaTiraFuego on c:\\Users\\Caro\\Desktop\\wollok\\Kongi_Donk","timeElapsed":24995,"timestamp":"2024-11-04T17:36:35.980Z"}
{"error":["wollok.lang.EvaluationError wrapping TypeScript TypeError: Cannot read properties of undefined (reading 'assertIsBoolean')","  at extras.menu.iniciarJuego() [extras.wlk:60]\r","  at extras.menu.iniciarMenu() [extras.wlk:53]\r","  at mainExample.elMonoConRabiaQueTiraBarrilesPeroAcaTiraFuego [mainExample.wpgm:9]"],"level":"info","message":"👾 Game executed mainExample.elMonoConRabiaQueTiraBarrilesPeroAcaTiraFuego on c:\\Users\\Caro\\Desktop\\wollok\\Kongi_Donk","ok":false,"timeElapsed":514,"timestamp":"2024-11-04T17:37:39.962Z"}
{"exitCode":0,"level":"info","message":"👾 Game executed mainExample.elMonoConRabiaQueTiraBarrilesPeroAcaTiraFuego on c:\\Users\\Caro\\Desktop\\wollok\\Kongi_Donk","timeElapsed":13744,"timestamp":"2024-11-04T17:39:53.644Z"}
{"exitCode":0,"level":"info","message":"👾 Game executed mainExample.elMonoConRabiaQueTiraBarrilesPeroAcaTiraFuego on c:\\Users\\Caro\\Desktop\\wollok\\Kongi_Donk","timeElapsed":17833,"timestamp":"2024-11-04T17:41:13.662Z"}
{"exitCode":0,"level":"info","message":"👾 Game executed mainExample.elMonoConRabiaQueTiraBarrilesPeroAcaTiraFuego on c:\\Users\\Caro\\Desktop\\wollok\\Kongi_Donk","timeElapsed":26581,"timestamp":"2024-11-04T17:42:42.007Z"}
